# JRE version: OpenJDK Runtime Environment Temurin-21.0.10+7 (21.0.10+7) (build 21.0.10+7-LTS)
# Java VM: OpenJDK 64-Bit Server VM Temurin-21.0.10+7 (21.0.10+7-LTS, mixed mode, sharing, tiered, compressed oops, compressed class ptrs, parallel gc, windows-amd64)
GC Precious Log:
 CardTable entry size: 512
 CPUs: 12 total, 12 available
 Memory: 5989M
 Large Page Support: Disabled
 NUMA Support: Disabled
 Compressed Oops: Enabled (32-bit)
 Alignments: Space 512K, Generation 512K, Heap 2M
 Heap Min Capacity: 100M
 Heap Initial Capacity: 100M
 Heap Max Capacity: 2G
 Pre-touch: Disabled
 Parallel Workers: 10
Heap:
 PSYoungGen      total 23552K, used 8812K [0x00000000d5580000, 0x00000000d6e80000, 0x0000000100000000)
  eden space 22016K, 38% used [0x00000000d5580000,0x00000000d5dc3180,0x00000000d6b00000)
  from space 1536K, 22% used [0x00000000d6c00000,0x00000000d6c58000,0x00000000d6d80000)
  to   space 1024K, 0% used [0x00000000d6d80000,0x00000000d6d80000,0x00000000d6e80000)
 ParOldGen       total 68608K, used 60642K [0x0000000080000000, 0x0000000084300000, 0x00000000d5580000)
  object space 68608K, 88% used [0x0000000080000000,0x0000000083b38b50,0x0000000084300000)
 Metaspace       used 55303K, committed 56640K, reserved 1114112K
  class space    used 6021K, committed 6592K, reserved 1048576K
GC Heap History (20 events):
Event: 34.513 GC heap before
{Heap before GC invocations=26 (full 2):
 PSYoungGen      total 26112K, used 24482K [0x00000000d5580000, 0x00000000d7780000, 0x0000000100000000)
  eden space 22016K, 100% used [0x00000000d5580000,0x00000000d6b00000,0x00000000d6b00000)
  from space 4096K, 60% used [0x00000000d6f80000,0x00000000d71e8810,0x00000000d7380000)
  to   space 3072K, 0% used [0x00000000d7480000,0x00000000d7480000,0x00000000d7780000)
 ParOldGen       total 68608K, used 43270K [0x0000000080000000, 0x0000000084300000, 0x00000000d5580000)
  object space 68608K, 63% used [0x0000000080000000,0x0000000082a41a30,0x0000000084300000)
 Metaspace       used 50228K, committed 51584K, reserved 1114112K
  class space    used 5494K, committed 6080K, reserved 1048576K
}
Event: 34.517 GC heap after
{Heap after GC invocations=26 (full 2):
 PSYoungGen      total 24576K, used 2272K [0x00000000d5580000, 0x00000000d7700000, 0x0000000100000000)
  eden space 22016K, 0% used [0x00000000d5580000,0x00000000d5580000,0x00000000d6b00000)
  from space 2560K, 88% used [0x00000000d7480000,0x00000000d76b8050,0x00000000d7700000)
  to   space 2560K, 0% used [0x00000000d7200000,0x00000000d7200000,0x00000000d7480000)
 ParOldGen       total 68608K, used 45509K [0x0000000080000000, 0x0000000084300000, 0x00000000d5580000)
  object space 68608K, 66% used [0x0000000080000000,0x0000000082c71570,0x0000000084300000)
 Metaspace       used 50228K, committed 51584K, reserved 1114112K
  class space    used 5494K, committed 6080K, reserved 1048576K
}
Event: 34.570 GC heap before
{Heap before GC invocations=27 (full 2):
 PSYoungGen      total 24576K, used 24288K [0x00000000d5580000, 0x00000000d7700000, 0x0000000100000000)
  eden space 22016K, 100% used [0x00000000d5580000,0x00000000d6b00000,0x00000000d6b00000)
  from space 2560K, 88% used [0x00000000d7480000,0x00000000d76b8050,0x00000000d7700000)
  to   space 2560K, 0% used [0x00000000d7200000,0x00000000d7200000,0x00000000d7480000)
 ParOldGen       total 68608K, used 45509K [0x0000000080000000, 0x0000000084300000, 0x00000000d5580000)
  object space 68608K, 66% used [0x0000000080000000,0x0000000082c71570,0x0000000084300000)
 Metaspace       used 50288K, committed 51648K, reserved 1114112K
  class space    used 5494K, committed 6080K, reserved 1048576K
}
Event: 34.574 GC heap after
{Heap after GC invocations=27 (full 2):
 PSYoungGen      total 24576K, used 2112K [0x00000000d5580000, 0x00000000d7500000, 0x0000000100000000)
  eden space 22016K, 0% used [0x00000000d5580000,0x00000000d5580000,0x00000000d6b00000)
  from space 2560K, 82% used [0x00000000d7200000,0x00000000d7410000,0x00000000d7480000)
  to   space 512K, 0% used [0x00000000d7480000,0x00000000d7480000,0x00000000d7500000)
 ParOldGen       total 68608K, used 47597K [0x0000000080000000, 0x0000000084300000, 0x00000000d5580000)
  object space 68608K, 69% used [0x0000000080000000,0x0000000082e7b5d0,0x0000000084300000)
 Metaspace       used 50288K, committed 51648K, reserved 1114112K
  class space    used 5494K, committed 6080K, reserved 1048576K
}
Event: 34.618 GC heap before
{Heap before GC invocations=28 (full 2):
 PSYoungGen      total 24576K, used 24128K [0x00000000d5580000, 0x00000000d7500000, 0x0000000100000000)
  eden space 22016K, 100% used [0x00000000d5580000,0x00000000d6b00000,0x00000000d6b00000)
  from space 2560K, 82% used [0x00000000d7200000,0x00000000d7410000,0x00000000d7480000)
  to   space 512K, 0% used [0x00000000d7480000,0x00000000d7480000,0x00000000d7500000)
 ParOldGen       total 68608K, used 47597K [0x0000000080000000, 0x0000000084300000, 0x00000000d5580000)
  object space 68608K, 69% used [0x0000000080000000,0x0000000082e7b5d0,0x0000000084300000)
 Metaspace       used 50312K, committed 51648K, reserved 1114112K
  class space    used 5494K, committed 6080K, reserved 1048576K
}
Event: 34.622 GC heap after
{Heap after GC invocations=28 (full 2):
 PSYoungGen      total 22528K, used 512K [0x00000000d5580000, 0x00000000d7500000, 0x0000000100000000)
  eden space 22016K, 0% used [0x00000000d5580000,0x00000000d5580000,0x00000000d6b00000)
  from space 512K, 100% used [0x00000000d7480000,0x00000000d7500000,0x00000000d7500000)
  to   space 5120K, 0% used [0x00000000d6b00000,0x00000000d6b00000,0x00000000d7000000)
 ParOldGen       total 68608K, used 51389K [0x0000000080000000, 0x0000000084300000, 0x00000000d5580000)
  object space 68608K, 74% used [0x0000000080000000,0x000000008322f598,0x0000000084300000)
 Metaspace       used 50312K, committed 51648K, reserved 1114112K
  class space    used 5494K, committed 6080K, reserved 1048576K
}
Event: 34.671 GC heap before
{Heap before GC invocations=29 (full 2):
 PSYoungGen      total 22528K, used 22528K [0x00000000d5580000, 0x00000000d7500000, 0x0000000100000000)
  eden space 22016K, 100% used [0x00000000d5580000,0x00000000d6b00000,0x00000000d6b00000)
  from space 512K, 100% used [0x00000000d7480000,0x00000000d7500000,0x00000000d7500000)
  to   space 5120K, 0% used [0x00000000d6b00000,0x00000000d6b00000,0x00000000d7000000)
 ParOldGen       total 68608K, used 51389K [0x0000000080000000, 0x0000000084300000, 0x00000000d5580000)
  object space 68608K, 74% used [0x0000000080000000,0x000000008322f598,0x0000000084300000)
 Metaspace       used 50345K, committed 51648K, reserved 1114112K
  class space    used 5495K, committed 6080K, reserved 1048576K
}
Event: 34.674 GC heap after
{Heap after GC invocations=29 (full 2):
 PSYoungGen      total 27136K, used 2560K [0x00000000d5580000, 0x00000000d7500000, 0x0000000100000000)
  eden space 22016K, 0% used [0x00000000d5580000,0x00000000d5580000,0x00000000d6b00000)
  from space 5120K, 50% used [0x00000000d6b00000,0x00000000d6d80010,0x00000000d7000000)
  to   space 3584K, 0% used [0x00000000d7180000,0x00000000d7180000,0x00000000d7500000)
 ParOldGen       total 68608K, used 51938K [0x0000000080000000, 0x0000000084300000, 0x00000000d5580000)
  object space 68608K, 75% used [0x0000000080000000,0x00000000832b8ac0,0x0000000084300000)
 Metaspace       used 50345K, committed 51648K, reserved 1114112K
  class space    used 5495K, committed 6080K, reserved 1048576K
}
Event: 34.731 GC heap before
{Heap before GC invocations=30 (full 2):
 PSYoungGen      total 27136K, used 24576K [0x00000000d5580000, 0x00000000d7500000, 0x0000000100000000)
  eden space 22016K, 100% used [0x00000000d5580000,0x00000000d6b00000,0x00000000d6b00000)
  from space 5120K, 50% used [0x00000000d6b00000,0x00000000d6d80010,0x00000000d7000000)
  to   space 3584K, 0% used [0x00000000d7180000,0x00000000d7180000,0x00000000d7500000)
 ParOldGen       total 68608K, used 51938K [0x0000000080000000, 0x0000000084300000, 0x00000000d5580000)
  object space 68608K, 75% used [0x0000000080000000,0x00000000832b8ac0,0x0000000084300000)
 Metaspace       used 50414K, committed 51712K, reserved 1114112K
  class space    used 5495K, committed 6080K, reserved 1048576K
}
Event: 34.734 GC heap after
{Heap after GC invocations=30 (full 2):
 PSYoungGen      total 24064K, used 1944K [0x00000000d5580000, 0x00000000d7380000, 0x0000000100000000)
  eden space 22016K, 0% used [0x00000000d5580000,0x00000000d5580000,0x00000000d6b00000)
  from space 2048K, 94% used [0x00000000d7180000,0x00000000d7366200,0x00000000d7380000)
  to   space 2560K, 0% used [0x00000000d6e80000,0x00000000d6e80000,0x00000000d7100000)
 ParOldGen       total 68608K, used 54214K [0x0000000080000000, 0x0000000084300000, 0x00000000d5580000)
  object space 68608K, 79% used [0x0000000080000000,0x00000000834f1ae0,0x0000000084300000)
 Metaspace       used 50414K, committed 51712K, reserved 1114112K
  class space    used 5495K, committed 6080K, reserved 1048576K
}
Event: 34.790 GC heap before
{Heap before GC invocations=31 (full 2):
 PSYoungGen      total 24064K, used 23960K [0x00000000d5580000, 0x00000000d7380000, 0x0000000100000000)
  eden space 22016K, 100% used [0x00000000d5580000,0x00000000d6b00000,0x00000000d6b00000)
  from space 2048K, 94% used [0x00000000d7180000,0x00000000d7366200,0x00000000d7380000)
  to   space 2560K, 0% used [0x00000000d6e80000,0x00000000d6e80000,0x00000000d7100000)
 ParOldGen       total 68608K, used 54214K [0x0000000080000000, 0x0000000084300000, 0x00000000d5580000)
  object space 68608K, 79% used [0x0000000080000000,0x00000000834f1ae0,0x0000000084300000)
 Metaspace       used 50545K, committed 51904K, reserved 1114112K
  class space    used 5506K, committed 6080K, reserved 1048576K
}
Event: 34.794 GC heap after
{Heap after GC invocations=31 (full 2):
 PSYoungGen      total 24064K, used 2033K [0x00000000d5580000, 0x00000000d7200000, 0x0000000100000000)
  eden space 22016K, 0% used [0x00000000d5580000,0x00000000d5580000,0x00000000d6b00000)
  from space 2048K, 99% used [0x00000000d6e80000,0x00000000d707c520,0x00000000d7080000)
  to   space 1536K, 0% used [0x00000000d7080000,0x00000000d7080000,0x00000000d7200000)
 ParOldGen       total 68608K, used 55983K [0x0000000080000000, 0x0000000084300000, 0x00000000d5580000)
  object space 68608K, 81% used [0x0000000080000000,0x00000000836abce0,0x0000000084300000)
 Metaspace       used 50545K, committed 51904K, reserved 1114112K
  class space    used 5506K, committed 6080K, reserved 1048576K
}
Event: 34.920 GC heap before
{Heap before GC invocations=32 (full 2):
 PSYoungGen      total 24064K, used 24049K [0x00000000d5580000, 0x00000000d7200000, 0x0000000100000000)
  eden space 22016K, 100% used [0x00000000d5580000,0x00000000d6b00000,0x00000000d6b00000)
  from space 2048K, 99% used [0x00000000d6e80000,0x00000000d707c520,0x00000000d7080000)
  to   space 1536K, 0% used [0x00000000d7080000,0x00000000d7080000,0x00000000d7200000)
 ParOldGen       total 68608K, used 55983K [0x0000000080000000, 0x0000000084300000, 0x00000000d5580000)
  object space 68608K, 81% used [0x0000000080000000,0x00000000836abce0,0x0000000084300000)
 Metaspace       used 51732K, committed 52992K, reserved 1114112K
  class space    used 5647K, committed 6208K, reserved 1048576K
}
Event: 34.923 GC heap after
{Heap after GC invocations=32 (full 2):
 PSYoungGen      total 23552K, used 1509K [0x00000000d5580000, 0x00000000d7200000, 0x0000000100000000)
  eden space 22016K, 0% used [0x00000000d5580000,0x00000000d5580000,0x00000000d6b00000)
  from space 1536K, 98% used [0x00000000d7080000,0x00000000d71f97e0,0x00000000d7200000)
  to   space 3584K, 0% used [0x00000000d6b00000,0x00000000d6b00000,0x00000000d6e80000)
 ParOldGen       total 68608K, used 57573K [0x0000000080000000, 0x0000000084300000, 0x00000000d5580000)
  object space 68608K, 83% used [0x0000000080000000,0x0000000083839698,0x0000000084300000)
 Metaspace       used 51732K, committed 52992K, reserved 1114112K
  class space    used 5647K, committed 6208K, reserved 1048576K
}
Event: 35.136 GC heap before
{Heap before GC invocations=33 (full 2):
 PSYoungGen      total 23552K, used 23525K [0x00000000d5580000, 0x00000000d7200000, 0x0000000100000000)
  eden space 22016K, 100% used [0x00000000d5580000,0x00000000d6b00000,0x00000000d6b00000)
  from space 1536K, 98% used [0x00000000d7080000,0x00000000d71f97e0,0x00000000d7200000)
  to   space 3584K, 0% used [0x00000000d6b00000,0x00000000d6b00000,0x00000000d6e80000)
 ParOldGen       total 68608K, used 57573K [0x0000000080000000, 0x0000000084300000, 0x00000000d5580000)
  object space 68608K, 83% used [0x0000000080000000,0x0000000083839698,0x0000000084300000)
 Metaspace       used 52970K, committed 54336K, reserved 1114112K
  class space    used 5802K, committed 6400K, reserved 1048576K
}
Event: 35.139 GC heap after
{Heap after GC invocations=33 (full 2):
 PSYoungGen      total 25088K, used 2803K [0x00000000d5580000, 0x00000000d7100000, 0x0000000100000000)
  eden space 22016K, 0% used [0x00000000d5580000,0x00000000d5580000,0x00000000d6b00000)
  from space 3072K, 91% used [0x00000000d6b00000,0x00000000d6dbcfb8,0x00000000d6e00000)
  to   space 3072K, 0% used [0x00000000d6e00000,0x00000000d6e00000,0x00000000d7100000)
 ParOldGen       total 68608K, used 58883K [0x0000000080000000, 0x0000000084300000, 0x00000000d5580000)
  object space 68608K, 85% used [0x0000000080000000,0x0000000083980e90,0x0000000084300000)
 Metaspace       used 52970K, committed 54336K, reserved 1114112K
  class space    used 5802K, committed 6400K, reserved 1048576K
}
Event: 35.236 GC heap before
{Heap before GC invocations=34 (full 2):
 PSYoungGen      total 25088K, used 24819K [0x00000000d5580000, 0x00000000d7100000, 0x0000000100000000)
  eden space 22016K, 100% used [0x00000000d5580000,0x00000000d6b00000,0x00000000d6b00000)
  from space 3072K, 91% used [0x00000000d6b00000,0x00000000d6dbcfb8,0x00000000d6e00000)
  to   space 3072K, 0% used [0x00000000d6e00000,0x00000000d6e00000,0x00000000d7100000)
 ParOldGen       total 68608K, used 58883K [0x0000000080000000, 0x0000000084300000, 0x00000000d5580000)
  object space 68608K, 85% used [0x0000000080000000,0x0000000083980e90,0x0000000084300000)
 Metaspace       used 53194K, committed 54528K, reserved 1114112K
  class space    used 5822K, committed 6400K, reserved 1048576K
}
Event: 35.238 GC heap after
{Heap after GC invocations=34 (full 2):
 PSYoungGen      total 23040K, used 694K [0x00000000d5580000, 0x00000000d6f00000, 0x0000000100000000)
  eden space 22016K, 0% used [0x00000000d5580000,0x00000000d5580000,0x00000000d6b00000)
  from space 1024K, 67% used [0x00000000d6e00000,0x00000000d6ead9f8,0x00000000d6f00000)
  to   space 1536K, 0% used [0x00000000d6c00000,0x00000000d6c00000,0x00000000d6d80000)
 ParOldGen       total 68608K, used 60506K [0x0000000080000000, 0x0000000084300000, 0x00000000d5580000)
  object space 68608K, 88% used [0x0000000080000000,0x0000000083b16b50,0x0000000084300000)
 Metaspace       used 53194K, committed 54528K, reserved 1114112K
  class space    used 5822K, committed 6400K, reserved 1048576K
}
Event: 35.444 GC heap before
{Heap before GC invocations=35 (full 2):
 PSYoungGen      total 23040K, used 22647K [0x00000000d5580000, 0x00000000d6f00000, 0x0000000100000000)
  eden space 22016K, 99% used [0x00000000d5580000,0x00000000d6af04e8,0x00000000d6b00000)
  from space 1024K, 67% used [0x00000000d6e00000,0x00000000d6ead9f8,0x00000000d6f00000)
  to   space 1536K, 0% used [0x00000000d6c00000,0x00000000d6c00000,0x00000000d6d80000)
 ParOldGen       total 68608K, used 60506K [0x0000000080000000, 0x0000000084300000, 0x00000000d5580000)
  object space 68608K, 88% used [0x0000000080000000,0x0000000083b16b50,0x0000000084300000)
 Metaspace       used 54871K, committed 56256K, reserved 1114112K
  class space    used 5969K, committed 6592K, reserved 1048576K
}
Event: 35.446 GC heap after
{Heap after GC invocations=35 (full 2):
 PSYoungGen      total 23552K, used 352K [0x00000000d5580000, 0x00000000d6e80000, 0x0000000100000000)
  eden space 22016K, 0% used [0x00000000d5580000,0x00000000d5580000,0x00000000d6b00000)
  from space 1536K, 22% used [0x00000000d6c00000,0x00000000d6c58000,0x00000000d6d80000)
  to   space 1024K, 0% used [0x00000000d6d80000,0x00000000d6d80000,0x00000000d6e80000)
 ParOldGen       total 68608K, used 60642K [0x0000000080000000, 0x0000000084300000, 0x00000000d5580000)
  object space 68608K, 88% used [0x0000000080000000,0x0000000083b38b50,0x0000000084300000)
 Metaspace       used 54871K, committed 56256K, reserved 1114112K
  class space    used 5969K, committed 6592K, reserved 1048576K
}

