# JRE version: OpenJDK Runtime Environment JBR-21.0.9+1-1163.94-jcef (21.0.9+1) (build 21.0.9+1-b1163.94)
# Java VM: OpenJDK 64-Bit Server VM JBR-21.0.9+1-1163.94-jcef (21.0.9+1-b1163.94, mixed mode, sharing, tiered, compressed oops, compressed class ptrs, g1 gc, windows-amd64)
GC Precious Log:
 CardTable entry size: 512
 Card Set container configuration: InlinePtr #cards 5 size 8 Array Of Cards #cards 12 size 40 Howl #buckets 4 coarsen threshold 1843 Howl Bitmap #cards 512 size 80 coarsen threshold 460 Card regions per heap region 1 cards per card region 2048
 CPUs: 12 total, 12 available
 Memory: 5989M
 Large Page Support: Disabled
 NUMA Support: Disabled
 Compressed Oops: Enabled (32-bit)
 Heap Region Size: 1M
 Heap Min Capacity: 128M
 Heap Initial Capacity: 128M
 Heap Max Capacity: 2G
 Pre-touch: Disabled
 Parallel Workers: 10
 Concurrent Workers: 3
 Concurrent Refinement Workers: 10
 Periodic GC: Disabled
Heap:
 garbage-first heap   total 131072K, used 16572K [0x0000000080000000, 0x0000000100000000)
  region size 1024K, 9 young (9216K), 0 survivors (0K)
 Metaspace       used 8968K, committed 9728K, reserved 1114112K
  class space    used 991K, committed 1280K, reserved 1048576K
GC Heap History (9 events):
Event: 11.486 GC heap before
{Heap before GC invocations=0 (full 0):
 garbage-first heap   total 131072K, used 25600K [0x0000000080000000, 0x0000000100000000)
  region size 1024K, 23 young (23552K), 0 survivors (0K)
 Metaspace       used 5248K, committed 5632K, reserved 1114112K
  class space    used 720K, committed 896K, reserved 1048576K
}
Event: 11.497 GC heap after
{Heap after GC invocations=1 (full 0):
 garbage-first heap   total 131072K, used 6964K [0x0000000080000000, 0x0000000100000000)
  region size 1024K, 3 young (3072K), 3 survivors (3072K)
 Metaspace       used 5248K, committed 5632K, reserved 1114112K
  class space    used 720K, committed 896K, reserved 1048576K
}
Event: 3552.993 GC heap before
{Heap before GC invocations=1 (full 0):
 garbage-first heap   total 131072K, used 35636K [0x0000000080000000, 0x0000000100000000)
  region size 1024K, 31 young (31744K), 3 survivors (3072K)
 Metaspace       used 9212K, committed 9664K, reserved 1114112K
  class space    used 1063K, committed 1280K, reserved 1048576K
}
Event: 3553.142 GC heap after
{Heap after GC invocations=2 (full 0):
 garbage-first heap   total 131072K, used 9834K [0x0000000080000000, 0x0000000100000000)
  region size 1024K, 3 young (3072K), 3 survivors (3072K)
 Metaspace       used 9212K, committed 9664K, reserved 1114112K
  class space    used 1063K, committed 1280K, reserved 1048576K
}
Event: 3600.039 GC heap before
{Heap before GC invocations=2 (full 0):
 garbage-first heap   total 131072K, used 9834K [0x0000000080000000, 0x0000000100000000)
  region size 1024K, 4 young (4096K), 3 survivors (3072K)
 Metaspace       used 9213K, committed 9664K, reserved 1114112K
  class space    used 1063K, committed 1280K, reserved 1048576K
}
Event: 3600.262 GC heap after
{Heap after GC invocations=3 (full 1):
 garbage-first heap   total 131072K, used 8360K [0x0000000080000000, 0x0000000100000000)
  region size 1024K, 0 young (0K), 0 survivors (0K)
 Metaspace       used 8921K, committed 9664K, reserved 1114112K
  class space    used 991K, committed 1280K, reserved 1048576K
}
Event: 7200.285 GC heap before
{Heap before GC invocations=3 (full 1):
 garbage-first heap   total 131072K, used 15528K [0x0000000080000000, 0x0000000100000000)
  region size 1024K, 8 young (8192K), 0 survivors (0K)
 Metaspace       used 8937K, committed 9664K, reserved 1114112K
  class space    used 991K, committed 1280K, reserved 1048576K
}
Event: 7200.627 GC heap after
{Heap after GC invocations=4 (full 2):
 garbage-first heap   total 131072K, used 8380K [0x0000000080000000, 0x0000000100000000)
  region size 1024K, 0 young (0K), 0 survivors (0K)
 Metaspace       used 8937K, committed 9664K, reserved 1114112K
  class space    used 991K, committed 1280K, reserved 1048576K
}
Event: 10800.770 GC heap before
{Heap before GC invocations=4 (full 2):
 garbage-first heap   total 131072K, used 16572K [0x0000000080000000, 0x0000000100000000)
  region size 1024K, 9 young (9216K), 0 survivors (0K)
 Metaspace       used 8968K, committed 9728K, reserved 1114112K
  class space    used 991K, committed 1280K, reserved 1048576K
}

